<?xml version="1.0" encoding="UTF-8"?>
<!-- Generated by org.testng.reporters.JUnitReportReporter -->
<testsuite hostname="DESKTOP-UM6LR8M" name="com.library.TestNgSample" tests="2" failures="0" timestamp="19 Aug 2017 05:58:49 GMT" time="0.011" errors="0">
  <testcase name="sampletest" time="0.006" classname="com.library.TestNgSample"/>
  <testcase name="a" time="0.005" classname="com.library.TestNgSample"/>
</testsuite> <!-- com.library.TestNgSample -->
