<?xml version="1.0" encoding="UTF-8"?>
<!-- Generated by org.testng.reporters.JUnitReportReporter -->
<testsuite hostname="DESKTOP-UM6LR8M" name="com.TestScript.LoginTeST" tests="1" failures="0" timestamp="20 Aug 2017 06:27:29 GMT" time="35.242" errors="0">
  <testcase name="loginToApplication" time="35.242" classname="com.TestScript.LoginTeST"/>
</testsuite> <!-- com.TestScript.LoginTeST -->
